<?xml version="1.0" encoding="UTF-8"?>
<!-- Generated by org.testng.reporters.JUnitReportReporter -->
<testsuite skipped="1" hostname="D9075CQ1" name="com.chrome.test.ElevateTest" tests="6" failures="0" timestamp="25 Sep 2018 06:36:25 GMT" time="309.700" errors="0">
  <testcase name="menuTest" time="60.058" classname="com.chrome.test.ElevateTest"/>
  <testcase name="aboutPageTest" time="63.205" classname="com.chrome.test.ElevateTest"/>
  <testcase name="titleTest" time="58.486" classname="com.chrome.test.ElevateTest"/>
  <testcase name="policyTest" time="65.496" classname="com.chrome.test.ElevateTest"/>
  <testcase name="contactUsPageTest" time="62.455" classname="com.chrome.test.ElevateTest"/>
  <testcase name="tochTest" classname="com.chrome.test.ElevateTest">
    <skipped/>
  </testcase> <!-- tochTest -->
</testsuite> <!-- com.chrome.test.ElevateTest -->
